1593537672.921193 client started (8905): version 2.6, socket /tmp/tmux-1000/default, protocol 8
1593537672.921249 on Linux 5.3.0-59-generic #53~18.04.1-Ubuntu SMP Thu Jun 4 14:58:26 UTC 2020; libevent 2.1.8-stable (poll)
1593537672.921292 socket is /tmp/tmux-1000/default
1593537672.921315 trying connect
1593537672.921464 add peer 0x564da0ed29c0: 6 ((nil))
1593537672.921584 sending message 100 to peer 0x564da0ed29c0 (4 bytes)
1593537672.921602 sending message 101 to peer 0x564da0ed29c0 (7 bytes)
1593537672.921613 sending message 102 to peer 0x564da0ed29c0 (11 bytes)
1593537672.921624 sending message 108 to peer 0x564da0ed29c0 (50 bytes)
1593537672.921636 sending message 104 to peer 0x564da0ed29c0 (0 bytes)
1593537672.921647 sending message 107 to peer 0x564da0ed29c0 (4 bytes)
1593537672.921657 sending message 105 to peer 0x564da0ed29c0 (22 bytes)
1593537672.921683 sending message 105 to peer 0x564da0ed29c0 (20 bytes)
1593537672.921694 sending message 105 to peer 0x564da0ed29c0 (54 bytes)
1593537672.921703 sending message 105 to peer 0x564da0ed29c0 (51 bytes)
1593537672.921712 sending message 105 to peer 0x564da0ed29c0 (69 bytes)
1593537672.921722 sending message 105 to peer 0x564da0ed29c0 (23 bytes)
1593537672.921731 sending message 105 to peer 0x564da0ed29c0 (11 bytes)
1593537672.921740 sending message 105 to peer 0x564da0ed29c0 (18 bytes)
1593537672.921750 sending message 105 to peer 0x564da0ed29c0 (44 bytes)
1593537672.921759 sending message 105 to peer 0x564da0ed29c0 (32 bytes)
1593537672.921768 sending message 105 to peer 0x564da0ed29c0 (86 bytes)
1593537672.921778 sending message 105 to peer 0x564da0ed29c0 (31 bytes)
1593537672.921788 sending message 105 to peer 0x564da0ed29c0 (52 bytes)
1593537672.921797 sending message 105 to peer 0x564da0ed29c0 (19 bytes)
1593537672.921806 sending message 105 to peer 0x564da0ed29c0 (28 bytes)
1593537672.921816 sending message 105 to peer 0x564da0ed29c0 (18 bytes)
1593537672.921830 sending message 105 to peer 0x564da0ed29c0 (18 bytes)
1593537672.921839 sending message 105 to peer 0x564da0ed29c0 (17 bytes)
1593537672.921849 sending message 105 to peer 0x564da0ed29c0 (15 bytes)
1593537672.921858 sending message 105 to peer 0x564da0ed29c0 (23 bytes)
1593537672.921867 sending message 105 to peer 0x564da0ed29c0 (30 bytes)
1593537672.921876 sending message 105 to peer 0x564da0ed29c0 (27 bytes)
1593537672.921886 sending message 105 to peer 0x564da0ed29c0 (24 bytes)
1593537672.921895 sending message 105 to peer 0x564da0ed29c0 (20 bytes)
1593537672.921904 sending message 105 to peer 0x564da0ed29c0 (23 bytes)
1593537672.921913 sending message 105 to peer 0x564da0ed29c0 (21 bytes)
1593537672.921922 sending message 105 to peer 0x564da0ed29c0 (25 bytes)
1593537672.921932 sending message 105 to peer 0x564da0ed29c0 (20 bytes)
1593537672.921941 sending message 105 to peer 0x564da0ed29c0 (15 bytes)
1593537672.921950 sending message 105 to peer 0x564da0ed29c0 (54 bytes)
1593537672.921960 sending message 105 to peer 0x564da0ed29c0 (17 bytes)
1593537672.921970 sending message 105 to peer 0x564da0ed29c0 (128 bytes)
1593537672.921984 sending message 105 to peer 0x564da0ed29c0 (54 bytes)
1593537672.921994 sending message 105 to peer 0x564da0ed29c0 (18 bytes)
1593537672.922003 sending message 105 to peer 0x564da0ed29c0 (19 bytes)
1593537672.922012 sending message 105 to peer 0x564da0ed29c0 (18 bytes)
1593537672.922022 sending message 105 to peer 0x564da0ed29c0 (78 bytes)
1593537672.922031 sending message 105 to peer 0x564da0ed29c0 (15 bytes)
1593537672.922041 sending message 105 to peer 0x564da0ed29c0 (8 bytes)
1593537672.922050 sending message 105 to peer 0x564da0ed29c0 (19 bytes)
1593537672.922059 sending message 105 to peer 0x564da0ed29c0 (41 bytes)
1593537672.922069 sending message 105 to peer 0x564da0ed29c0 (12 bytes)
1593537672.922078 sending message 105 to peer 0x564da0ed29c0 (21 bytes)
1593537672.922088 sending message 105 to peer 0x564da0ed29c0 (33 bytes)
1593537672.922097 sending message 105 to peer 0x564da0ed29c0 (36 bytes)
1593537672.922111 sending message 105 to peer 0x564da0ed29c0 (13 bytes)
1593537672.922135 sending message 105 to peer 0x564da0ed29c0 (12 bytes)
1593537672.922144 sending message 105 to peer 0x564da0ed29c0 (16 bytes)
1593537672.922154 sending message 105 to peer 0x564da0ed29c0 (17 bytes)
1593537672.922163 sending message 105 to peer 0x564da0ed29c0 (13 bytes)
1593537672.922172 sending message 105 to peer 0x564da0ed29c0 (41 bytes)
1593537672.922182 sending message 105 to peer 0x564da0ed29c0 (45 bytes)
1593537672.922191 sending message 105 to peer 0x564da0ed29c0 (33 bytes)
1593537672.922201 sending message 105 to peer 0x564da0ed29c0 (85 bytes)
1593537672.922210 sending message 105 to peer 0x564da0ed29c0 (23 bytes)
1593537672.922220 sending message 105 to peer 0x564da0ed29c0 (31 bytes)
1593537672.922229 sending message 105 to peer 0x564da0ed29c0 (15 bytes)
1593537672.922238 sending message 105 to peer 0x564da0ed29c0 (27 bytes)
1593537672.922248 sending message 105 to peer 0x564da0ed29c0 (17 bytes)
1593537672.922257 sending message 105 to peer 0x564da0ed29c0 (21 bytes)
1593537672.922294 sending message 105 to peer 0x564da0ed29c0 (11 bytes)
1593537672.922306 sending message 105 to peer 0x564da0ed29c0 (20 bytes)
1593537672.922316 sending message 105 to peer 0x564da0ed29c0 (57 bytes)
1593537672.922326 sending message 105 to peer 0x564da0ed29c0 (28 bytes)
1593537672.922336 sending message 105 to peer 0x564da0ed29c0 (11 bytes)
1593537672.922345 sending message 105 to peer 0x564da0ed29c0 (8 bytes)
1593537672.922355 sending message 105 to peer 0x564da0ed29c0 (32 bytes)
1593537672.922365 sending message 105 to peer 0x564da0ed29c0 (1516 bytes)
1593537672.922378 sending message 105 to peer 0x564da0ed29c0 (16 bytes)
1593537672.922388 sending message 105 to peer 0x564da0ed29c0 (16 bytes)
1593537672.922397 sending message 106 to peer 0x564da0ed29c0 (0 bytes)
1593537672.922408 sending message 200 to peer 0x564da0ed29c0 (4 bytes)
1593537672.922417 client loop enter
1593537672.922773 peer 0x564da0ed29c0 message 211
1593537672.922786 peer 0x564da0ed29c0 message 203
1593537672.922789 client loop exit
